<?xml version="1.0" encoding="UTF-8"?>
<testng-results skipped="0" failed="0" total="2" passed="2">
  <reporter-output>
  </reporter-output>
  <suite name="Default suite" duration-ms="76510" started-at="2020-01-07T21:03:57Z" finished-at="2020-01-07T21:05:14Z">
    <groups>
    </groups>
    <test name="Default test" duration-ms="76510" started-at="2020-01-07T21:03:57Z" finished-at="2020-01-07T21:05:14Z">
      <class name="org.excel.Executable">
        <test-method status="PASS" signature="beforeClass()[pri:0, instance:org.excel.Executable@5e5792a0]" name="beforeClass" is-config="true" duration-ms="14364" started-at="2020-01-08T02:33:57Z" finished-at="2020-01-08T02:34:12Z">
          <reporter-output>
          </reporter-output>
        </test-method> <!-- beforeClass -->
        <test-method status="PASS" signature="beforeMethod()[pri:0, instance:org.excel.Executable@5e5792a0]" name="beforeMethod" is-config="true" duration-ms="40" started-at="2020-01-08T02:34:12Z" finished-at="2020-01-08T02:34:12Z">
          <reporter-output>
          </reporter-output>
        </test-method> <!-- beforeMethod -->
        <test-method status="PASS" signature="test1()[pri:0, instance:org.excel.Executable@5e5792a0]" name="test1" duration-ms="31698" started-at="2020-01-08T02:34:12Z" finished-at="2020-01-08T02:34:43Z">
          <reporter-output>
          </reporter-output>
        </test-method> <!-- test1 -->
        <test-method status="PASS" signature="afterMethod()[pri:0, instance:org.excel.Executable@5e5792a0]" name="afterMethod" is-config="true" duration-ms="2" started-at="2020-01-08T02:34:43Z" finished-at="2020-01-08T02:34:43Z">
          <reporter-output>
          </reporter-output>
        </test-method> <!-- afterMethod -->
        <test-method status="PASS" signature="beforeMethod()[pri:0, instance:org.excel.Executable@5e5792a0]" name="beforeMethod" is-config="true" duration-ms="1" started-at="2020-01-08T02:34:43Z" finished-at="2020-01-08T02:34:43Z">
          <reporter-output>
          </reporter-output>
        </test-method> <!-- beforeMethod -->
        <test-method status="PASS" signature="test2()[pri:0, instance:org.excel.Executable@5e5792a0]" name="test2" duration-ms="28582" started-at="2020-01-08T02:34:43Z" finished-at="2020-01-08T02:35:12Z">
          <reporter-output>
          </reporter-output>
        </test-method> <!-- test2 -->
        <test-method status="PASS" signature="afterMethod()[pri:0, instance:org.excel.Executable@5e5792a0]" name="afterMethod" is-config="true" duration-ms="1" started-at="2020-01-08T02:35:12Z" finished-at="2020-01-08T02:35:12Z">
          <reporter-output>
          </reporter-output>
        </test-method> <!-- afterMethod -->
        <test-method status="PASS" signature="afterClass()[pri:0, instance:org.excel.Executable@5e5792a0]" name="afterClass" is-config="true" duration-ms="1773" started-at="2020-01-08T02:35:12Z" finished-at="2020-01-08T02:35:14Z">
          <reporter-output>
          </reporter-output>
        </test-method> <!-- afterClass -->
      </class> <!-- org.excel.Executable -->
    </test> <!-- Default test -->
  </suite> <!-- Default suite -->
</testng-results>
